level info: Aug-19-2023 14:15:46 	User Login Successfully .
level info: Aug-19-2023 14:16:13 	Trending Blogs Found!
level info: Aug-19-2023 14:28:20 	User Login Successfully .
level info: Aug-19-2023 17:54:38 	User Login Successfully .
level info: Aug-23-2023 16:18:28 	User Login Successfully .
level info: Aug-24-2023 15:45:42 	user password updated
level error: Aug-24-2023 15:45:57 	This password you already use in past
level error: Aug-24-2023 15:46:29 	old password is incorrect
level info: Aug-24-2023 15:47:05 	user password updated
level error: Aug-24-2023 15:48:02 	This password you already use in past
level error: Aug-24-2023 15:48:24 	New password not match with confirm password 
level info: Aug-24-2023 15:48:28 	user password updated
level error: Aug-24-2023 15:48:32 	old password is incorrect
level info: Aug-24-2023 15:48:58 	user password updated
level error: Sep-11-2023 16:08:11 	Error: Out of range value for column 'userPhone' at row 1
level error: Sep-11-2023 16:08:30 	Error: Out of range value for column 'userPhone' at row 1
level error: Sep-11-2023 16:08:42 	Error: Out of range value for column 'userPhone' at row 1
level error: Sep-11-2023 16:09:08 	Error: Out of range value for column 'userPhone' at row 1
level error: Sep-11-2023 16:09:51 	Error: Out of range value for column 'userPhone' at row 1
level error: Sep-11-2023 16:09:52 	Error: Out of range value for column 'userPhone' at row 1
level error: Sep-11-2023 16:09:54 	Error: Out of range value for column 'userPhone' at row 1
level error: Sep-11-2023 16:10:43 	Error: Field 'userPhone' doesn't have a default value
level error: Sep-11-2023 16:10:54 	Error: Field 'userPhone' doesn't have a default value
level error: Sep-11-2023 16:10:56 	Error: Field 'userPhone' doesn't have a default value
level error: Sep-11-2023 16:10:57 	Error: Field 'userPhone' doesn't have a default value
level error: Sep-11-2023 16:11:15 	Error: notNull Violation: User.userPhone cannot be null
level error: Sep-11-2023 16:11:24 	Error: Out of range value for column 'userPhone' at row 1
level error: Sep-11-2023 16:12:07 	Error: Out of range value for column 'userPhone' at row 1
level error: Sep-11-2023 16:14:05 	Error: Out of range value for column 'userPhone' at row 1
level error: Sep-11-2023 16:14:14 	Error: Out of range value for column 'userPhone' at row 1
level info: Sep-11-2023 16:14:33 	User Created Successfully ✔ .
level error: Sep-11-2023 16:26:33 	User is Already Register with this email
level info: Sep-11-2023 16:26:40 	User Created Successfully ✔ .
level info: Sep-11-2023 17:47:44 	User Login Successfully .
level info: Sep-11-2023 17:48:54 	User Created Successfully ✔ .
level info: Sep-11-2023 17:49:07 	User Created Successfully ✔ .
level error: Sep-11-2023 17:56:49 	User is Already Register with this email
